<?xml version="1.0" encoding="UTF-8"?>
<!-- Generated by org.testng.reporters.JUnitReportReporter -->
<testsuite hostname="Admins-iMac.fios-router.home" name="com.automatoinpractice.tests.JavaScriptClickExample" tests="1" failures="0" timestamp="4 Sep 2017 09:54:11 GMT" time="8.341" errors="0">
  <testcase name="testClickJS" time="8.341" classname="com.automatoinpractice.tests.JavaScriptClickExample"/>
</testsuite> <!-- com.automatoinpractice.tests.JavaScriptClickExample -->
