<?xml version="1.0" encoding="UTF-8"?>
<!-- Generated by org.testng.reporters.JUnitReportReporter -->
<testsuite hostname="Admins-iMac.fios-router.home" name="com.automatoinpractice.tests.LoginAsValidUser" tests="1" failures="0" timestamp="3 Sep 2017 09:39:51 GMT" time="2.251" errors="0">
  <testcase name="login" time="2.251" classname="com.automatoinpractice.tests.LoginAsValidUser"/>
</testsuite> <!-- com.automatoinpractice.tests.LoginAsValidUser -->
