<?xml version="1.0" encoding="UTF-8"?>
<!-- Generated by org.testng.reporters.JUnitReportReporter -->
<testsuite hostname="Admins-iMac.fios-router.home" name="com.automatoinpractice.tests.AddItemtoShoppingCart" tests="1" failures="0" timestamp="4 Sep 2017 12:50:00 GMT" time="0.279" errors="0">
  <testcase name="canBuy" time="0.279" classname="com.automatoinpractice.tests.AddItemtoShoppingCart"/>
</testsuite> <!-- com.automatoinpractice.tests.AddItemtoShoppingCart -->
